<?xml version="1.0" encoding="UTF-8"?>
<robot generator="Robot 3.2.1 (Python 3.8.3 on win32)" generated="20200625 21:48:11.075" rpa="false">
<suite id="s1" name="Login" source="C:\Users\HOME\PycharmProjects\Training\PageObjectDemo\tests\login.robot">
<kw name="Open Browser" library="SeleniumLibrary" type="setup">
<doc>Opens a new browser instance to the optional ``url``.</doc>
<arguments>
<arg>${url}</arg>
<arg>${browser}</arg>
</arguments>
<msg timestamp="20200625 21:48:11.841" level="INFO">Opening browser 'chrome' to base url 'https://the-internet.herokuapp.com/'.</msg>
<status status="PASS" starttime="20200625 21:48:11.825" endtime="20200625 21:48:22.235"></status>
</kw>
<test id="s1-t1" name="ValidLoginTest">
<kw name="Go To Page" library="PageObjectLibrary" type="setup">
<tags>
<tag>page-object</tag>
<tag>selenium</tag>
</tags>
<doc>Go to the url for the given page object.</doc>
<arguments>
<arg>LoginPage</arg>
</arguments>
<msg timestamp="20200625 21:48:22.367" level="INFO">Opening url 'https://the-internet.herokuapp.com/login'</msg>
<status status="PASS" starttime="20200625 21:48:22.243" endtime="20200625 21:48:23.987"></status>
</kw>
<kw name="Maximize Browser Window" library="SeleniumLibrary">
<doc>Maximizes current browser window.</doc>
<status status="PASS" starttime="20200625 21:48:24.003" endtime="20200625 21:48:24.154"></status>
</kw>
<kw name="Enter Username" library="LoginPage">
<arguments>
<arg>tomsmith</arg>
</arguments>
<msg timestamp="20200625 21:48:24.154" level="INFO">Typing text 'tomsmith' into text field 'id=username'.</msg>
<status status="PASS" starttime="20200625 21:48:24.154" endtime="20200625 21:48:24.793"></status>
</kw>
<kw name="Enter Password" library="LoginPage">
<arguments>
<arg>SuperSecretPassword!</arg>
</arguments>
<msg timestamp="20200625 21:48:24.797" level="INFO">Typing text 'SuperSecretPassword!' into text field 'id=password'.</msg>
<status status="PASS" starttime="20200625 21:48:24.797" endtime="20200625 21:48:25.397"></status>
</kw>
<kw name="Click The Login Button" library="LoginPage">
<status status="PASS" starttime="20200625 21:48:25.397" endtime="20200625 21:48:27.018"></status>
</kw>
<kw name="Sleep" library="BuiltIn">
<doc>Pauses the test executed for the given time.</doc>
<arguments>
<arg>2</arg>
</arguments>
<msg timestamp="20200625 21:48:29.034" level="INFO">Slept 2 seconds</msg>
<status status="PASS" starttime="20200625 21:48:27.018" endtime="20200625 21:48:29.034"></status>
</kw>
<kw name="The Current Page Should Be" library="PageObjectLibrary">
<doc>Fails if the name of the current page is not the given page name</doc>
<arguments>
<arg>SecureAreaPage</arg>
</arguments>
<status status="PASS" starttime="20200625 21:48:29.034" endtime="20200625 21:48:29.049"></status>
</kw>
<kw name="Sleep" library="BuiltIn">
<doc>Pauses the test executed for the given time.</doc>
<arguments>
<arg>3</arg>
</arguments>
<msg timestamp="20200625 21:48:32.063" level="INFO">Slept 3 seconds</msg>
<status status="PASS" starttime="20200625 21:48:29.049" endtime="20200625 21:48:32.063"></status>
</kw>
<doc>Verify that we can successfully log in to the internet</doc>
<status status="PASS" starttime="20200625 21:48:22.235" endtime="20200625 21:48:32.063" critical="yes"></status>
</test>
<kw name="Close All Browsers" library="SeleniumLibrary" type="teardown">
<doc>Closes all open browsers and resets the browser cache.</doc>
<status status="PASS" starttime="20200625 21:48:32.063" endtime="20200625 21:48:34.563"></status>
</kw>
<status status="PASS" starttime="20200625 21:48:11.075" endtime="20200625 21:48:34.563"></status>
</suite>
<statistics>
<total>
<stat pass="1" fail="0">Critical Tests</stat>
<stat pass="1" fail="0">All Tests</stat>
</total>
<tag>
</tag>
<suite>
<stat pass="1" fail="0" id="s1" name="Login">Login</stat>
</suite>
</statistics>
<errors>
</errors>
</robot>
